2025-10-30 07:23:18,904 - INFO - Found 570 YARA rule files
2025-10-30 07:23:21,581 - INFO - Successfully loaded 561 working rules
2025-10-30 07:23:21,995 - INFO - Created and initialized new ML model with realistic training data
2025-10-30 07:23:23,290 - INFO - Starting Sentinel Antivirus with Clean GUI...
2025-10-30 07:23:23,291 - INFO - Features: Clean design, Real-time results, Professional layout
2025-10-30 07:23:32,392 - INFO - Added result to GUI: README.md - Clean (Clean)
2025-10-30 07:23:32,664 - INFO - Threat detected by Entropy: Entropy.Packed (Level 3)
2025-10-30 07:23:32,665 - INFO - Added result to GUI: Wreath report (1).pdf - Entropy.Packed (High)
2025-10-30 07:23:32,744 - INFO - Added result to GUI: config - Clean (Clean)
2025-10-30 07:23:32,837 - INFO - Added result to GUI: description - Clean (Clean)
2025-10-30 07:23:32,928 - INFO - Added result to GUI: HEAD - Clean (Clean)
2025-10-30 07:23:32,980 - INFO - Added result to GUI: index - Clean (Clean)
2025-10-30 07:23:33,057 - INFO - Added result to GUI: packed-refs - Clean (Clean)
2025-10-30 07:23:33,135 - INFO - Added result to GUI: applypatch-msg.sample - Clean (Clean)
2025-10-30 07:23:33,213 - INFO - Added result to GUI: commit-msg.sample - Clean (Clean)
2025-10-30 07:23:33,293 - INFO - Added result to GUI: fsmonitor-watchman.sample - Clean (Clean)
2025-10-30 07:23:33,369 - INFO - Added result to GUI: post-update.sample - Clean (Clean)
2025-10-30 07:23:33,446 - INFO - Added result to GUI: pre-applypatch.sample - Clean (Clean)
2025-10-30 07:23:33,525 - INFO - Added result to GUI: pre-commit.sample - Clean (Clean)
2025-10-30 07:23:33,603 - INFO - Added result to GUI: pre-merge-commit.sample - Clean (Clean)
2025-10-30 07:23:33,679 - INFO - Added result to GUI: pre-push.sample - Clean (Clean)
2025-10-30 07:23:33,757 - INFO - Added result to GUI: pre-rebase.sample - Clean (Clean)
2025-10-30 07:23:33,836 - INFO - Added result to GUI: pre-receive.sample - Clean (Clean)
2025-10-30 07:23:33,926 - INFO - Added result to GUI: prepare-commit-msg.sample - Clean (Clean)
2025-10-30 07:23:34,019 - INFO - Added result to GUI: push-to-checkout.sample - Clean (Clean)
2025-10-30 07:23:34,100 - INFO - Added result to GUI: sendemail-validate.sample - Clean (Clean)
2025-10-30 07:23:34,174 - INFO - Added result to GUI: update.sample - Clean (Clean)
2025-10-30 07:23:34,250 - INFO - Added result to GUI: exclude - Clean (Clean)
2025-10-30 07:23:34,327 - INFO - Added result to GUI: HEAD - Clean (Clean)
2025-10-30 07:23:34,404 - INFO - Added result to GUI: main - Clean (Clean)
2025-10-30 07:23:34,482 - INFO - Added result to GUI: HEAD - Clean (Clean)
2025-10-30 07:23:34,564 - INFO - Threat detected by Entropy: Entropy.Packed (Level 3)
2025-10-30 07:23:34,566 - INFO - Added result to GUI: pack-06c7cdeaaa291e5f13947cadc6874fd7e951ca88.idx - Entropy.Packed (High)
2025-10-30 07:23:34,891 - INFO - Threat detected by Entropy: Entropy.Packed (Level 3)
2025-10-30 07:23:34,891 - INFO - Added result to GUI: pack-06c7cdeaaa291e5f13947cadc6874fd7e951ca88.pack - Entropy.Packed (High)
2025-10-30 07:23:34,984 - INFO - Added result to GUI: pack-06c7cdeaaa291e5f13947cadc6874fd7e951ca88.rev - Clean (Clean)
2025-10-30 07:23:35,059 - INFO - Added result to GUI: main - Clean (Clean)
2025-10-30 07:23:35,143 - INFO - Added result to GUI: HEAD - Clean (Clean)
2025-10-30 07:23:35,214 - INFO - Added result to GUI: bubble.asm - Clean (Clean)
2025-10-30 07:23:35,291 - INFO - Added result to GUI: subscribe.txt - Clean (Clean)
2025-10-30 07:23:35,353 - INFO - Threat detected by Signature: Signature.SuspiciousPowerShell (Level 2)
2025-10-30 07:23:35,354 - INFO - Added result to GUI: stealer.c - Signature.SuspiciousPowerShell (Medium)
2025-10-30 07:23:35,450 - INFO - Added result to GUI: subscribe.txt - Clean (Clean)
2025-10-30 07:23:35,457 - INFO - YARA match found: vmdetect in C:/Users/com/OneDrive/Desktop/YouTube\Detect_VM\main.c
2025-10-30 07:23:35,457 - INFO - Threat detected by YARA: YARA.vmdetect (default) (Level 2)
2025-10-30 07:23:35,458 - INFO - Added result to GUI: main.c - YARA.vmdetect (default) (Medium)
2025-10-30 07:23:35,526 - INFO - Added result to GUI: subscribe.txt - Clean (Clean)
2025-10-30 07:23:35,605 - INFO - Added result to GUI: dll_example.c - Clean (Clean)
2025-10-30 07:23:35,687 - INFO - Added result to GUI: injector.c - Clean (Clean)
2025-10-30 07:23:35,777 - INFO - Added result to GUI: keyloger.c - Clean (Clean)
2025-10-30 07:23:35,855 - INFO - Added result to GUI: commands.txt - Clean (Clean)
2025-10-30 07:23:35,969 - INFO - Added result to GUI: decrypt.c - Clean (Clean)
2025-10-30 07:23:36,046 - INFO - Added result to GUI: encrypt.c - Clean (Clean)
2025-10-30 07:23:36,121 - INFO - Added result to GUI: video.md - Clean (Clean)
2025-10-30 07:23:36,199 - INFO - Added result to GUI: engine.c - Clean (Clean)
2025-10-30 07:23:36,272 - INFO - Added result to GUI: gui.py - Clean (Clean)
2025-10-30 07:23:36,354 - INFO - Added result to GUI: GUI_PART_2.py - Clean (Clean)
2025-10-30 07:23:36,433 - INFO - Added result to GUI: rtm.c - Clean (Clean)
2025-10-30 07:23:36,540 - INFO - Threat detected by Entropy: Entropy.Packed (Level 3)
2025-10-30 07:23:36,540 - INFO - Added result to GUI: rules.zip - Entropy.Packed (High)
2025-10-30 07:23:36,618 - INFO - Added result to GUI: subscribe.txt - Clean (Clean)
2025-10-30 07:23:36,733 - INFO - Threat detected by Entropy: Entropy.Packed (Level 3)
2025-10-30 07:23:36,734 - INFO - Added result to GUI: file.png - Entropy.Packed (High)
2025-10-30 07:23:36,816 - INFO - Threat detected by Entropy: Entropy.Packed (Level 3)
2025-10-30 07:23:36,817 - INFO - Added result to GUI: menu_close.png - Entropy.Packed (High)
2025-10-30 07:23:36,895 - INFO - Threat detected by Entropy: Entropy.Medium (Level 1)
2025-10-30 07:23:36,895 - INFO - Added result to GUI: menu_open.png - Entropy.Medium (Low)
2025-10-30 07:23:36,994 - INFO - Threat detected by Entropy: Entropy.Packed (Level 3)
2025-10-30 07:23:36,994 - INFO - Added result to GUI: upload.png - Entropy.Packed (High)
2025-10-30 07:23:37,071 - INFO - Threat detected by Entropy: Entropy.Packed (Level 3)
2025-10-30 07:23:37,071 - INFO - Added result to GUI: upload_image.png - Entropy.Packed (High)
2025-10-30 07:23:37,151 - INFO - Threat detected by Entropy: Entropy.Packed (Level 3)
2025-10-30 07:23:37,152 - INFO - Added result to GUI: zbik.jpeg - Entropy.Packed (High)
2025-10-30 07:23:37,227 - INFO - Added result to GUI: subscribe.txt - Clean (Clean)
2025-10-30 07:23:37,320 - INFO - Added result to GUI: Makefile - Clean (Clean)
2025-10-30 07:23:37,382 - INFO - Added result to GUI: boot.bin - Clean (Clean)
2025-10-30 07:23:37,461 - INFO - Added result to GUI: boot.asm - Clean (Clean)
2025-10-30 07:23:37,539 - INFO - Added result to GUI: Makefile - Clean (Clean)
2025-10-30 07:23:37,602 - INFO - Added result to GUI: subscribe.txt - Clean (Clean)
2025-10-30 07:23:37,665 - INFO - Added result to GUI: boot.bin - Clean (Clean)
2025-10-30 07:23:37,760 - INFO - Added result to GUI: boot.asm - Clean (Clean)
2025-10-30 07:23:37,837 - INFO - Added result to GUI: cross compiler commands 4ed70435f9c24068aa0e4708ec542695.md - Clean (Clean)
2025-10-30 07:23:37,914 - INFO - Added result to GUI: subscribe.txt - Clean (Clean)
2025-10-30 07:23:37,993 - INFO - Added result to GUI: build.sh - Clean (Clean)
2025-10-30 07:23:38,071 - INFO - Added result to GUI: Makefile - Clean (Clean)
2025-10-30 07:23:38,148 - INFO - Added result to GUI: boot.bin - Clean (Clean)
2025-10-30 07:23:38,228 - INFO - Added result to GUI: kernel.bin - Clean (Clean)
2025-10-30 07:23:38,307 - INFO - Added result to GUI: os.bin - Clean (Clean)
2025-10-30 07:23:38,383 - INFO - Added result to GUI: completeKernel.o - Clean (Clean)
2025-10-30 07:23:38,477 - INFO - Added result to GUI: kernel.asm.o - Clean (Clean)
2025-10-30 07:23:38,555 - INFO - Added result to GUI: kernel.o - Clean (Clean)
2025-10-30 07:23:38,632 - INFO - Added result to GUI: boot.asm - Clean (Clean)
2025-10-30 07:23:38,711 - INFO - Added result to GUI: kernel.asm - Clean (Clean)
2025-10-30 07:23:38,798 - INFO - Added result to GUI: kernel.c - Clean (Clean)
2025-10-30 07:23:38,865 - INFO - Added result to GUI: kernel.h - Clean (Clean)
2025-10-30 07:23:38,959 - INFO - Added result to GUI: linkerScript.ld - Clean (Clean)
2025-10-30 07:23:39,057 - INFO - Added result to GUI: aes.c - Clean (Clean)
2025-10-30 07:23:39,131 - INFO - Added result to GUI: aes.h - Clean (Clean)
2025-10-30 07:23:39,240 - INFO - Added result to GUI: code.c - Clean (Clean)
2025-10-30 07:23:39,333 - INFO - Added result to GUI: encrypt.c - Clean (Clean)
2025-10-30 07:23:39,411 - INFO - Added result to GUI: subscribe.txt - Clean (Clean)
2025-10-30 07:23:39,416 - INFO - YARA match found: ThreadControl__Context in C:/Users/com/OneDrive/Desktop/YouTube\Reverse shell with Thread Hijacking\hijack.c
2025-10-30 07:23:39,416 - INFO - Threat detected by YARA: YARA.ThreadControl__Context (default) (Level 2)
2025-10-30 07:23:39,416 - INFO - Added result to GUI: hijack.c - YARA.ThreadControl__Context (default) (Medium)
2025-10-30 07:23:39,505 - INFO - Added result to GUI: subscribe.txt - Clean (Clean)
2025-10-30 07:23:39,602 - INFO - Added result to GUI: main.c - Clean (Clean)
2025-10-30 07:23:39,680 - INFO - Added result to GUI: subscribe.txt - Clean (Clean)
2025-10-30 07:23:39,812 - INFO - Added result to GUI: main.c - Clean (Clean)
2025-10-30 07:23:39,887 - INFO - Added result to GUI: subscribe.txt - Clean (Clean)
2025-10-30 07:23:39,892 - INFO - Directory scan completed: C:/Users/com/OneDrive/Desktop/YouTube
2025-10-30 07:23:43,297 - INFO - Scan started
